1663067579991	geckodriver	INFO	Listening on 127.0.0.1:39031
1663067579996	mozrunner::runner	INFO	Running command: "/usr/bin/firefox" "--marionette" "--remote-debugging-port" "59605" "--remote-allow-hosts" "localhost" "-no-remote" "-profile" "/tmp/rust_mozprofileU9IM6C"
ATTENTION: default value of option mesa_glthread overridden by environment.
ATTENTION: default value of option mesa_glthread overridden by environment.
ATTENTION: default value of option mesa_glthread overridden by environment.
1663067581330	Marionette	INFO	Marionette enabled
1663067581344	Marionette	INFO	Listening on port 40893
WebDriver BiDi listening on ws://localhost:59605
Read port: 40893
1663067581548	RemoteAgent	WARN	TLS certificate errors will be ignored for this session
console.warn: SearchSettings: "get: No settings file exists, new profile?" (new NotFoundError("Could not open the file at /tmp/rust_mozprofileU9IM6C/search.json.mozlz4", (void 0)))
Missing chrome or resource URL: resource://gre/modules/UpdateListener.sys.mjs
DevTools listening on ws://localhost:59605/devtools/browser/f4da2321-cb33-41a8-b029-a4a30464a541
JavaScript warning: https://pagead2.googlesyndication.com/bg/dMUMwKlHRkKFxm324gu_shN2JBGfr2rZRInLP1vMiqM.js line 2 > eval line 615 > eval line 1 > eval line 1 > eval, line 1: WEBGL_debug_renderer_info is deprecated in Firefox and will be removed. Please use RENDERER.
Missing chrome or resource URL: resource://gre/modules/UpdateListener.sys.mjs
console.error: "Error during quit-application-granted: [Exception... \"File error: Not found\"  nsresult: \"0x80520012 (NS_ERROR_FILE_NOT_FOUND)\"  location: \"JS frame :: resource:///modules/BrowserGlue.jsm :: _onQuitApplicationGranted/tasks< :: line 2013\"  data: no]"
1663070200571	Marionette	INFO	Stopped listening on port 40893
JavaScript error: , line 0: TypeError: NetworkError when attempting to fetch resource.
JavaScript error: , line 0: TypeError: NetworkError when attempting to fetch resource.
JavaScript error: , line 0: TypeError: NetworkError when attempting to fetch resource.
